2026-06-06 17:48:34,532 [INFO] ╔====================================================================╗
2026-06-06 17:48:34,532 [INFO] ║  Player Profiles Builder (Lichess + Stockfish)             ║
2026-06-06 17:48:34,532 [INFO] ╚====================================================================╝
2026-06-06 17:48:34,532 [INFO] 
📊 Configurazione:
2026-06-06 17:48:34,532 [INFO]    Output: player_profiles.db
2026-06-06 17:48:34,532 [INFO]    Partite: 6000 (1000 per ELO band)
2026-06-06 17:48:34,532 [INFO]    Time control: Rapid
2026-06-06 17:48:34,532 [INFO]    Stockfish: Depth 20
2026-06-06 17:48:34,532 [INFO]    Parallelo: Sì (download + analisi simultanei)
2026-06-06 17:48:34,532 [INFO] 
🔍 Verifica dipendenze...
/Users/giuseppefilomena/Library/Python/3.9/lib/python/site-packages/urllib3/__init__.py:35: NotOpenSSLWarning: urllib3 v2 only supports OpenSSL 1.1.1+, currently the 'ssl' module is compiled with 'LibreSSL 2.8.3'. See: https://github.com/urllib3/urllib3/issues/3020
  warnings.warn(
2026-06-06 17:48:34,691 [INFO] ✅ Tutte le dipendenze installate
2026-06-06 17:48:34,691 [INFO] 
📥 FASE 1: Download da Lichess
2026-06-06 17:48:34,691 [INFO] 
======================================================================
2026-06-06 17:48:34,691 [INFO]   Download partite Lichess
2026-06-06 17:48:34,691 [INFO] ======================================================================

/Users/giuseppefilomena/Library/Python/3.9/lib/python/site-packages/urllib3/__init__.py:35: NotOpenSSLWarning: urllib3 v2 only supports OpenSSL 1.1.1+, currently the 'ssl' module is compiled with 'LibreSSL 2.8.3'. See: https://github.com/urllib3/urllib3/issues/3020
  warnings.warn(
2026-06-06 17:48:34,857 [INFO] Lichess Game Downloader
2026-06-06 17:48:34,857 [INFO] Output: player_profiles.db
2026-06-06 17:48:34,857 [INFO] Per band: 1000 partite
2026-06-06 17:48:34,857 [INFO] Perf: rapid
2026-06-06 17:48:34,857 [INFO] Total target: 6000 partite
2026-06-06 17:48:34,858 [INFO] 
======================================================================
2026-06-06 17:48:34,858 [INFO] Band 1 (400-699 ELO)
2026-06-06 17:48:34,858 [INFO] ======================================================================
2026-06-06 17:48:34,859 [INFO] Band 1: scarica 1000 partite rimanenti
2026-06-06 17:48:34,859 [ERROR] Band 1: errore download: export() got an unexpected keyword argument 'player'
2026-06-06 17:48:34,859 [INFO] Band 1: completato con 0 partite
2026-06-06 17:48:34,859 [INFO] ✅ Band 1: 0/1000 partite
2026-06-06 17:48:34,859 [INFO] 
======================================================================
2026-06-06 17:48:34,859 [INFO] Band 2 (700-999 ELO)
2026-06-06 17:48:34,859 [INFO] ======================================================================
2026-06-06 17:48:34,859 [INFO] Band 2: scarica 1000 partite rimanenti
2026-06-06 17:48:34,859 [ERROR] Band 2: errore download: export() got an unexpected keyword argument 'player'
2026-06-06 17:48:34,859 [INFO] Band 2: completato con 0 partite
2026-06-06 17:48:34,859 [INFO] ✅ Band 2: 0/1000 partite
2026-06-06 17:48:34,859 [INFO] 
======================================================================
2026-06-06 17:48:34,859 [INFO] Band 3 (1000-1299 ELO)
2026-06-06 17:48:34,859 [INFO] ======================================================================
2026-06-06 17:48:34,860 [INFO] Band 3: scarica 1000 partite rimanenti
2026-06-06 17:48:34,860 [ERROR] Band 3: errore download: export() got an unexpected keyword argument 'player'
2026-06-06 17:48:34,860 [INFO] Band 3: completato con 0 partite
2026-06-06 17:48:34,860 [INFO] ✅ Band 3: 0/1000 partite
2026-06-06 17:48:34,860 [INFO] 
======================================================================
2026-06-06 17:48:34,860 [INFO] Band 4 (1300-1599 ELO)
2026-06-06 17:48:34,860 [INFO] ======================================================================
2026-06-06 17:48:34,860 [INFO] Band 4: scarica 1000 partite rimanenti
2026-06-06 17:48:34,860 [ERROR] Band 4: errore download: export() got an unexpected keyword argument 'player'
2026-06-06 17:48:34,860 [INFO] Band 4: completato con 0 partite
2026-06-06 17:48:34,860 [INFO] ✅ Band 4: 0/1000 partite
2026-06-06 17:48:34,860 [INFO] 
======================================================================
2026-06-06 17:48:34,860 [INFO] Band 5 (1600-1899 ELO)
2026-06-06 17:48:34,860 [INFO] ======================================================================
2026-06-06 17:48:34,860 [INFO] Band 5: scarica 1000 partite rimanenti
2026-06-06 17:48:34,860 [ERROR] Band 5: errore download: export() got an unexpected keyword argument 'player'
2026-06-06 17:48:34,860 [INFO] Band 5: completato con 0 partite
2026-06-06 17:48:34,860 [INFO] ✅ Band 5: 0/1000 partite
2026-06-06 17:48:34,860 [INFO] 
======================================================================
2026-06-06 17:48:34,860 [INFO] Band 6 (1900-2800 ELO)
2026-06-06 17:48:34,860 [INFO] ======================================================================
2026-06-06 17:48:34,860 [INFO] Band 6: scarica 1000 partite rimanenti
2026-06-06 17:48:34,860 [ERROR] Band 6: errore download: export() got an unexpected keyword argument 'player'
2026-06-06 17:48:34,860 [INFO] Band 6: completato con 0 partite
2026-06-06 17:48:34,860 [INFO] ✅ Band 6: 0/1000 partite
2026-06-06 17:48:34,861 [INFO] 
======================================================================
2026-06-06 17:48:34,861 [INFO] ✅ Download completato: 0 partite totali
2026-06-06 17:48:34,861 [INFO] ======================================================================
2026-06-06 17:48:34,873 [INFO] 
🔬 FASE 2: Analisi con Stockfish
2026-06-06 17:48:34,873 [INFO] 
======================================================================
2026-06-06 17:48:34,873 [INFO]   Analisi partite con Stockfish
2026-06-06 17:48:34,873 [INFO] ======================================================================

2026-06-06 17:48:34,992 [INFO] Lichess Game Analyzer
2026-06-06 17:48:34,992 [INFO] Database: player_profiles.db
2026-06-06 17:48:34,992 [INFO] Stockfish depth: 20
2026-06-06 17:48:34,992 [INFO] Workers: 4
2026-06-06 17:48:34,994 [INFO] Partite da analizzare: 0/0
2026-06-06 17:48:34,994 [INFO] ✅ Tutte le partite già analizzate!
2026-06-06 17:48:35,001 [INFO] 
======================================================================
2026-06-06 17:48:35,001 [INFO]   ✅ COSTRUZIONE COMPLETATA
2026-06-06 17:48:35,001 [INFO] ======================================================================
2026-06-06 17:48:35,001 [INFO] 
📍 Database pronto: player_profiles.db
2026-06-06 17:48:35,001 [INFO]    Carica su Railway: /data/player_profiles.db
2026-06-06 17:48:35,001 [INFO]    Oppure: PROFILES_DB_PATH=player_profiles.db
2026-06-06 17:48:35,001 [INFO] 
🚀 Prossimi step:
2026-06-06 17:48:35,001 [INFO]    1. Deploy player_profiles.db su Railway
2026-06-06 17:48:35,001 [INFO]    2. Backend userà /api/player-profile per mosse realistiche
2026-06-06 17:48:35,001 [INFO]    3. Bot giocheranno come giocatori reali!
